2019-02-26 11:11:59,597 [Worker-36] INFO  o.e.m.c.i.p.ProjectConfigurationManager - Collecting project info '/pom.xml' C:\Users\srinivas1\Desktop\Jan 1030 Batch\MyMavenProject\pom.xml
2019-02-26 11:12:13,387 [Worker-36] INFO  o.e.m.c.i.l.LifecycleMappingFactory - Using org.eclipse.m2e.jdt.JarLifecycleMapping lifecycle mapping for MavenProject: com.Orange:MyMavenProject:0.0.1-SNAPSHOT @ C:\Users\srinivas1\Desktop\Jan 1030 Batch\MyMavenProject\pom.xml.
2019-02-26 11:12:19,227 [Worker-36] INFO  o.e.m.j.i.AbstractJavaProjectConfigurator - Adding source folder /MyMavenProject/src/main/java
2019-02-26 11:12:19,281 [Worker-36] INFO  o.e.m.j.i.AbstractJavaProjectConfigurator - Adding source folder /MyMavenProject/src/test/java
2019-02-26 11:12:19,582 [Worker-36] INFO  o.e.m.c.i.p.ProjectConfigurationManager - Imported and configured 1 project(s) in 19 sec
2019-02-26 11:12:20,758 [Worker-35] INFO  o.e.m.c.i.embedder.EclipseLogger - Using 'UTF-8' encoding to copy filtered resources.
2019-02-26 11:12:20,758 [Worker-35] INFO  o.e.m.c.i.embedder.EclipseLogger - skip non existing resourceDirectory C:\Users\srinivas1\Desktop\Jan 1030 Batch\MyMavenProject\src\main\resources
2019-02-26 11:12:20,779 [Worker-35] INFO  o.e.m.c.i.embedder.EclipseLogger - Using 'UTF-8' encoding to copy filtered resources.
2019-02-26 11:12:20,779 [Worker-35] INFO  o.e.m.c.i.embedder.EclipseLogger - skip non existing resourceDirectory C:\Users\srinivas1\Desktop\Jan 1030 Batch\MyMavenProject\src\test\resources
2019-02-26 11:12:42,877 [Worker-35] INFO  o.e.m.c.i.embedder.EclipseLogger - Using 'UTF-8' encoding to copy filtered resources.
2019-02-26 11:12:42,877 [Worker-35] INFO  o.e.m.c.i.embedder.EclipseLogger - skip non existing resourceDirectory C:\Users\srinivas1\Desktop\Jan 1030 Batch\MyMavenProject\src\main\resources
2019-02-26 11:12:42,877 [Worker-35] INFO  o.e.m.c.i.embedder.EclipseLogger - Using 'UTF-8' encoding to copy filtered resources.
2019-02-26 11:12:42,877 [Worker-35] INFO  o.e.m.c.i.embedder.EclipseLogger - skip non existing resourceDirectory C:\Users\srinivas1\Desktop\Jan 1030 Batch\MyMavenProject\src\test\resources
2019-02-26 11:12:48,943 [Worker-43] INFO  o.e.m.c.i.embedder.EclipseLogger - Using 'UTF-8' encoding to copy filtered resources.
2019-02-26 11:12:48,943 [Worker-43] INFO  o.e.m.c.i.embedder.EclipseLogger - skip non existing resourceDirectory C:\Users\srinivas1\Desktop\Jan 1030 Batch\MyMavenProject\src\main\resources
2019-02-26 11:12:48,943 [Worker-43] INFO  o.e.m.c.i.embedder.EclipseLogger - Using 'UTF-8' encoding to copy filtered resources.
2019-02-26 11:12:49,004 [Worker-43] INFO  o.e.m.c.i.embedder.EclipseLogger - skip non existing resourceDirectory C:\Users\srinivas1\Desktop\Jan 1030 Batch\MyMavenProject\src\test\resources
2019-02-26 11:22:20,827 [Worker-44] INFO  o.e.m.c.i.l.LifecycleMappingFactory - Using org.eclipse.m2e.jdt.JarLifecycleMapping lifecycle mapping for MavenProject: com.Orange:MyMavenProject:0.0.1-SNAPSHOT @ C:\Users\srinivas1\Desktop\Jan 1030 Batch\MyMavenProject\pom.xml.
2019-02-26 11:22:26,351 [Worker-44] INFO  o.e.m.c.i.e.AbstractTransferListenerAdapter - Downloading https://repo.maven.apache.org/maven2/org/testng/testng/6.11/testng-6.11.pom
2019-02-26 11:22:26,574 [Worker-44] INFO  o.e.m.c.i.e.AbstractTransferListenerAdapter - Downloaded https://repo.maven.apache.org/maven2/org/testng/testng/6.11/testng-6.11.pom
2019-02-26 11:22:26,790 [Worker-44] INFO  o.e.m.c.i.e.AbstractTransferListenerAdapter - Downloading https://repo.maven.apache.org/maven2/com/beust/jcommander/1.64/jcommander-1.64.pom
2019-02-26 11:22:26,975 [Worker-44] INFO  o.e.m.c.i.e.AbstractTransferListenerAdapter - Downloaded https://repo.maven.apache.org/maven2/com/beust/jcommander/1.64/jcommander-1.64.pom
2019-02-26 11:22:27,192 [Worker-44] INFO  o.e.m.c.i.e.AbstractTransferListenerAdapter - Downloading https://repo.maven.apache.org/maven2/org/yaml/snakeyaml/1.17/snakeyaml-1.17.pom
2019-02-26 11:22:27,562 [Worker-44] INFO  o.e.m.c.i.e.AbstractTransferListenerAdapter - Downloaded https://repo.maven.apache.org/maven2/org/yaml/snakeyaml/1.17/snakeyaml-1.17.pom
2019-02-26 11:22:27,856 [Worker-44] INFO  o.e.m.c.i.e.AbstractTransferListenerAdapter - Downloading https://repo.maven.apache.org/maven2/org/testng/testng/6.11/testng-6.11.jar
2019-02-26 11:22:29,815 [Worker-44] INFO  o.e.m.c.i.e.AbstractTransferListenerAdapter - Downloaded https://repo.maven.apache.org/maven2/org/testng/testng/6.11/testng-6.11.jar
2019-02-26 11:22:40,930 [Worker-44] INFO  o.e.m.c.i.embedder.EclipseLogger - Using 'UTF-8' encoding to copy filtered resources.
2019-02-26 11:22:40,946 [Worker-44] INFO  o.e.m.c.i.embedder.EclipseLogger - skip non existing resourceDirectory C:\Users\srinivas1\Desktop\Jan 1030 Batch\MyMavenProject\src\main\resources
2019-02-26 11:22:40,952 [Worker-44] INFO  o.e.m.c.i.embedder.EclipseLogger - Using 'UTF-8' encoding to copy filtered resources.
2019-02-26 11:22:40,952 [Worker-44] INFO  o.e.m.c.i.embedder.EclipseLogger - skip non existing resourceDirectory C:\Users\srinivas1\Desktop\Jan 1030 Batch\MyMavenProject\src\test\resources
2019-02-26 11:22:44,509 [Worker-46] INFO  o.e.m.c.i.embedder.EclipseLogger - Using 'UTF-8' encoding to copy filtered resources.
2019-02-26 11:22:44,509 [Worker-46] INFO  o.e.m.c.i.embedder.EclipseLogger - skip non existing resourceDirectory C:\Users\srinivas1\Desktop\Jan 1030 Batch\MyMavenProject\src\main\resources
2019-02-26 11:22:44,525 [Worker-46] INFO  o.e.m.c.i.embedder.EclipseLogger - Using 'UTF-8' encoding to copy filtered resources.
2019-02-26 11:22:44,541 [Worker-46] INFO  o.e.m.c.i.embedder.EclipseLogger - skip non existing resourceDirectory C:\Users\srinivas1\Desktop\Jan 1030 Batch\MyMavenProject\src\test\resources
2019-02-26 11:23:06,390 [Worker-45] INFO  o.e.m.c.i.p.ProjectConfigurationManager - Update started
2019-02-26 11:23:07,156 [Worker-45] INFO  o.e.m.c.i.l.LifecycleMappingFactory - Using org.eclipse.m2e.jdt.JarLifecycleMapping lifecycle mapping for MavenProject: com.Orange:MyMavenProject:0.0.1-SNAPSHOT @ C:\Users\srinivas1\Desktop\Jan 1030 Batch\MyMavenProject\pom.xml.
2019-02-26 11:23:07,900 [Worker-45] INFO  o.e.m.j.i.AbstractJavaProjectConfigurator - Adding source folder /MyMavenProject/src/main/java
2019-02-26 11:23:07,912 [Worker-45] INFO  o.e.m.j.i.AbstractJavaProjectConfigurator - Adding source folder /MyMavenProject/src/test/java
2019-02-26 11:23:08,245 [Worker-45] INFO  o.e.m.c.i.p.ProjectConfigurationManager - Update completed: 1 sec
2019-02-26 11:23:09,130 [Worker-43] INFO  o.e.m.c.i.embedder.EclipseLogger - Using 'UTF-8' encoding to copy filtered resources.
2019-02-26 11:23:09,150 [Worker-43] INFO  o.e.m.c.i.embedder.EclipseLogger - skip non existing resourceDirectory C:\Users\srinivas1\Desktop\Jan 1030 Batch\MyMavenProject\src\main\resources
2019-02-26 11:23:09,160 [Worker-43] INFO  o.e.m.c.i.embedder.EclipseLogger - Using 'UTF-8' encoding to copy filtered resources.
2019-02-26 11:23:09,208 [Worker-43] INFO  o.e.m.c.i.embedder.EclipseLogger - skip non existing resourceDirectory C:\Users\srinivas1\Desktop\Jan 1030 Batch\MyMavenProject\src\test\resources
2019-02-26 11:24:51,540 [Worker-47] INFO  o.e.m.c.i.embedder.EclipseLogger - Using 'UTF-8' encoding to copy filtered resources.
2019-02-26 11:24:51,555 [Worker-47] INFO  o.e.m.c.i.embedder.EclipseLogger - skip non existing resourceDirectory C:\Users\srinivas1\Desktop\Jan 1030 Batch\MyMavenProject\src\main\resources
2019-02-26 11:24:51,571 [Worker-47] INFO  o.e.m.c.i.embedder.EclipseLogger - Using 'UTF-8' encoding to copy filtered resources.
2019-02-26 11:24:51,571 [Worker-47] INFO  o.e.m.c.i.embedder.EclipseLogger - skip non existing resourceDirectory C:\Users\srinivas1\Desktop\Jan 1030 Batch\MyMavenProject\src\test\resources
2019-02-26 11:25:05,050 [Worker-47] INFO  o.e.m.c.i.embedder.EclipseLogger - Using 'UTF-8' encoding to copy filtered resources.
2019-02-26 11:25:05,062 [Worker-47] INFO  o.e.m.c.i.embedder.EclipseLogger - skip non existing resourceDirectory C:\Users\srinivas1\Desktop\Jan 1030 Batch\MyMavenProject\src\main\resources
2019-02-26 11:25:05,082 [Worker-47] INFO  o.e.m.c.i.embedder.EclipseLogger - Using 'UTF-8' encoding to copy filtered resources.
2019-02-26 11:25:05,102 [Worker-47] INFO  o.e.m.c.i.embedder.EclipseLogger - skip non existing resourceDirectory C:\Users\srinivas1\Desktop\Jan 1030 Batch\MyMavenProject\src\test\resources
2019-02-26 11:27:04,143 [Worker-44] INFO  o.e.m.c.i.embedder.EclipseLogger - Using 'UTF-8' encoding to copy filtered resources.
2019-02-26 11:27:04,143 [Worker-44] INFO  o.e.m.c.i.embedder.EclipseLogger - skip non existing resourceDirectory C:\Users\srinivas1\Desktop\Jan 1030 Batch\MyMavenProject\src\main\resources
2019-02-26 11:27:04,190 [Worker-44] INFO  o.e.m.c.i.embedder.EclipseLogger - Using 'UTF-8' encoding to copy filtered resources.
2019-02-26 11:27:04,206 [Worker-44] INFO  o.e.m.c.i.embedder.EclipseLogger - skip non existing resourceDirectory C:\Users\srinivas1\Desktop\Jan 1030 Batch\MyMavenProject\src\test\resources
2019-02-26 11:27:09,186 [Worker-49] INFO  o.e.m.c.i.embedder.EclipseLogger - Using 'UTF-8' encoding to copy filtered resources.
2019-02-26 11:27:09,201 [Worker-49] INFO  o.e.m.c.i.embedder.EclipseLogger - skip non existing resourceDirectory C:\Users\srinivas1\Desktop\Jan 1030 Batch\MyMavenProject\src\main\resources
2019-02-26 11:27:09,217 [Worker-49] INFO  o.e.m.c.i.embedder.EclipseLogger - Using 'UTF-8' encoding to copy filtered resources.
2019-02-26 11:27:09,244 [Worker-49] INFO  o.e.m.c.i.embedder.EclipseLogger - skip non existing resourceDirectory C:\Users\srinivas1\Desktop\Jan 1030 Batch\MyMavenProject\src\test\resources
2019-02-26 11:27:33,455 [Worker-44] INFO  o.e.m.c.i.embedder.EclipseLogger - Using 'UTF-8' encoding to copy filtered resources.
2019-02-26 11:27:33,455 [Worker-44] INFO  o.e.m.c.i.embedder.EclipseLogger - skip non existing resourceDirectory C:\Users\srinivas1\Desktop\Jan 1030 Batch\MyMavenProject\src\main\resources
2019-02-26 11:27:33,471 [Worker-44] INFO  o.e.m.c.i.embedder.EclipseLogger - Using 'UTF-8' encoding to copy filtered resources.
2019-02-26 11:27:33,471 [Worker-44] INFO  o.e.m.c.i.embedder.EclipseLogger - skip non existing resourceDirectory C:\Users\srinivas1\Desktop\Jan 1030 Batch\MyMavenProject\src\test\resources
2019-02-26 11:28:12,819 [Worker-49] INFO  o.e.m.c.i.embedder.EclipseLogger - Using 'UTF-8' encoding to copy filtered resources.
2019-02-26 11:28:12,831 [Worker-49] INFO  o.e.m.c.i.embedder.EclipseLogger - skip non existing resourceDirectory C:\Users\srinivas1\Desktop\Jan 1030 Batch\MyMavenProject\src\main\resources
2019-02-26 11:28:12,851 [Worker-49] INFO  o.e.m.c.i.embedder.EclipseLogger - Using 'UTF-8' encoding to copy filtered resources.
2019-02-26 11:28:12,871 [Worker-49] INFO  o.e.m.c.i.embedder.EclipseLogger - skip non existing resourceDirectory C:\Users\srinivas1\Desktop\Jan 1030 Batch\MyMavenProject\src\test\resources
2019-02-26 11:29:36,632 [Worker-44] INFO  o.e.m.c.i.embedder.EclipseLogger - Using 'UTF-8' encoding to copy filtered resources.
2019-02-26 11:29:36,647 [Worker-44] INFO  o.e.m.c.i.embedder.EclipseLogger - skip non existing resourceDirectory C:\Users\srinivas1\Desktop\Jan 1030 Batch\MyMavenProject\src\main\resources
2019-02-26 11:29:36,663 [Worker-44] INFO  o.e.m.c.i.embedder.EclipseLogger - Using 'UTF-8' encoding to copy filtered resources.
2019-02-26 11:29:36,679 [Worker-44] INFO  o.e.m.c.i.embedder.EclipseLogger - skip non existing resourceDirectory C:\Users\srinivas1\Desktop\Jan 1030 Batch\MyMavenProject\src\test\resources
2019-02-26 11:30:41,427 [Worker-49] INFO  o.e.m.c.i.embedder.EclipseLogger - Using 'UTF-8' encoding to copy filtered resources.
2019-02-26 11:30:41,442 [Worker-49] INFO  o.e.m.c.i.embedder.EclipseLogger - skip non existing resourceDirectory C:\Users\srinivas1\Desktop\Jan 1030 Batch\MyMavenProject\src\main\resources
2019-02-26 11:30:41,458 [Worker-49] INFO  o.e.m.c.i.embedder.EclipseLogger - Using 'UTF-8' encoding to copy filtered resources.
2019-02-26 11:30:41,473 [Worker-49] INFO  o.e.m.c.i.embedder.EclipseLogger - skip non existing resourceDirectory C:\Users\srinivas1\Desktop\Jan 1030 Batch\MyMavenProject\src\test\resources
2019-02-26 11:31:05,815 [Worker-47] INFO  o.e.m.c.i.embedder.EclipseLogger - Using 'UTF-8' encoding to copy filtered resources.
2019-02-26 11:31:05,823 [Worker-47] INFO  o.e.m.c.i.embedder.EclipseLogger - skip non existing resourceDirectory C:\Users\srinivas1\Desktop\Jan 1030 Batch\MyMavenProject\src\main\resources
2019-02-26 11:31:05,835 [Worker-47] INFO  o.e.m.c.i.embedder.EclipseLogger - Using 'UTF-8' encoding to copy filtered resources.
2019-02-26 11:31:05,843 [Worker-47] INFO  o.e.m.c.i.embedder.EclipseLogger - skip non existing resourceDirectory C:\Users\srinivas1\Desktop\Jan 1030 Batch\MyMavenProject\src\test\resources
2019-02-26 11:32:20,103 [Worker-47] INFO  o.e.m.c.i.p.ProjectConfigurationManager - Update started
2019-02-26 11:32:20,858 [Worker-47] INFO  o.e.m.c.i.l.LifecycleMappingFactory - Using org.eclipse.m2e.jdt.JarLifecycleMapping lifecycle mapping for MavenProject: com.Orange:MyMavenProject:0.0.1-SNAPSHOT @ C:\Users\srinivas1\Desktop\Jan 1030 Batch\MyMavenProject\pom.xml.
2019-02-26 11:32:22,185 [Worker-47] INFO  o.e.m.j.i.AbstractJavaProjectConfigurator - Adding source folder /MyMavenProject/src/main/java
2019-02-26 11:32:22,326 [Worker-47] INFO  o.e.m.j.i.AbstractJavaProjectConfigurator - Adding source folder /MyMavenProject/src/test/java
2019-02-26 11:32:23,080 [Worker-47] INFO  o.e.m.c.i.p.ProjectConfigurationManager - Update completed: 2 sec
2019-02-26 11:32:24,078 [Worker-52] INFO  o.e.m.c.i.embedder.EclipseLogger - Using 'UTF-8' encoding to copy filtered resources.
2019-02-26 11:32:24,088 [Worker-52] INFO  o.e.m.c.i.embedder.EclipseLogger - skip non existing resourceDirectory C:\Users\srinivas1\Desktop\Jan 1030 Batch\MyMavenProject\src\main\resources
2019-02-26 11:32:24,098 [Worker-52] INFO  o.e.m.c.i.embedder.EclipseLogger - Using 'UTF-8' encoding to copy filtered resources.
2019-02-26 11:32:24,098 [Worker-52] INFO  o.e.m.c.i.embedder.EclipseLogger - skip non existing resourceDirectory C:\Users\srinivas1\Desktop\Jan 1030 Batch\MyMavenProject\src\test\resources
2019-02-26 11:32:35,509 [Worker-53] INFO  o.e.m.c.i.p.ProjectConfigurationManager - Update started
2019-02-26 11:32:36,166 [Worker-53] INFO  o.e.m.c.i.l.LifecycleMappingFactory - Using org.eclipse.m2e.jdt.JarLifecycleMapping lifecycle mapping for MavenProject: com.Orange:MyMavenProject:0.0.1-SNAPSHOT @ C:\Users\srinivas1\Desktop\Jan 1030 Batch\MyMavenProject\pom.xml.
2019-02-26 11:32:36,730 [Worker-53] INFO  o.e.m.j.i.AbstractJavaProjectConfigurator - Adding source folder /MyMavenProject/src/main/java
2019-02-26 11:32:36,746 [Worker-53] INFO  o.e.m.j.i.AbstractJavaProjectConfigurator - Adding source folder /MyMavenProject/src/test/java
2019-02-26 11:32:36,984 [Worker-53] INFO  o.e.m.c.i.p.ProjectConfigurationManager - Update completed: 1 sec
2019-02-26 11:32:38,101 [Worker-54] INFO  o.e.m.c.i.embedder.EclipseLogger - Using 'UTF-8' encoding to copy filtered resources.
2019-02-26 11:32:38,119 [Worker-54] INFO  o.e.m.c.i.embedder.EclipseLogger - skip non existing resourceDirectory C:\Users\srinivas1\Desktop\Jan 1030 Batch\MyMavenProject\src\main\resources
2019-02-26 11:32:38,131 [Worker-54] INFO  o.e.m.c.i.embedder.EclipseLogger - Using 'UTF-8' encoding to copy filtered resources.
2019-02-26 11:32:38,141 [Worker-54] INFO  o.e.m.c.i.embedder.EclipseLogger - skip non existing resourceDirectory C:\Users\srinivas1\Desktop\Jan 1030 Batch\MyMavenProject\src\test\resources
2019-02-26 11:32:56,072 [Worker-47] INFO  o.e.m.i.launch.MavenLaunchDelegate - C:\Users\srinivas1\Desktop\Jan 1030 Batch\MyMavenProject
2019-02-26 11:32:56,072 [Worker-47] INFO  o.e.m.i.launch.MavenLaunchDelegate -  mvn -B test
2019-02-26 11:33:01,130 [Worker-54] INFO  o.e.m.c.i.embedder.EclipseLogger - Using 'UTF-8' encoding to copy filtered resources.
2019-02-26 11:33:01,130 [Worker-54] INFO  o.e.m.c.i.embedder.EclipseLogger - skip non existing resourceDirectory C:\Users\srinivas1\Desktop\Jan 1030 Batch\MyMavenProject\src\main\resources
2019-02-26 11:33:01,152 [Worker-54] INFO  o.e.m.c.i.embedder.EclipseLogger - Using 'UTF-8' encoding to copy filtered resources.
2019-02-26 11:33:01,152 [Worker-54] INFO  o.e.m.c.i.embedder.EclipseLogger - skip non existing resourceDirectory C:\Users\srinivas1\Desktop\Jan 1030 Batch\MyMavenProject\src\test\resources
2019-02-26 11:33:20,909 [Worker-51] INFO  o.e.m.c.i.p.ProjectConfigurationManager - Update started
2019-02-26 11:33:21,546 [Worker-51] INFO  o.e.m.c.i.l.LifecycleMappingFactory - Using org.eclipse.m2e.jdt.JarLifecycleMapping lifecycle mapping for MavenProject: com.Orange:MyMavenProject:0.0.1-SNAPSHOT @ C:\Users\srinivas1\Desktop\Jan 1030 Batch\MyMavenProject\pom.xml.
2019-02-26 11:33:22,217 [Worker-51] INFO  o.e.m.j.i.AbstractJavaProjectConfigurator - Adding source folder /MyMavenProject/src/main/java
2019-02-26 11:33:22,227 [Worker-51] INFO  o.e.m.j.i.AbstractJavaProjectConfigurator - Adding source folder /MyMavenProject/src/test/java
2019-02-26 11:33:22,489 [Worker-51] INFO  o.e.m.c.i.p.ProjectConfigurationManager - Update completed: 1 sec
2019-02-26 11:33:23,563 [Worker-46] INFO  o.e.m.c.i.embedder.EclipseLogger - Using 'UTF-8' encoding to copy filtered resources.
2019-02-26 11:33:23,563 [Worker-46] INFO  o.e.m.c.i.embedder.EclipseLogger - skip non existing resourceDirectory C:\Users\srinivas1\Desktop\Jan 1030 Batch\MyMavenProject\src\main\resources
2019-02-26 11:33:23,575 [Worker-46] INFO  o.e.m.c.i.embedder.EclipseLogger - Using 'UTF-8' encoding to copy filtered resources.
2019-02-26 11:33:23,593 [Worker-46] INFO  o.e.m.c.i.embedder.EclipseLogger - skip non existing resourceDirectory C:\Users\srinivas1\Desktop\Jan 1030 Batch\MyMavenProject\src\test\resources
2019-02-26 11:33:33,561 [Worker-51] INFO  o.e.m.i.launch.MavenLaunchDelegate - C:\Users\srinivas1\Desktop\Jan 1030 Batch\MyMavenProject
2019-02-26 11:33:33,561 [Worker-51] INFO  o.e.m.i.launch.MavenLaunchDelegate -  mvn -B test
2019-02-26 11:33:40,426 [Worker-54] INFO  o.e.m.c.i.embedder.EclipseLogger - Using 'UTF-8' encoding to copy filtered resources.
2019-02-26 11:33:40,441 [Worker-54] INFO  o.e.m.c.i.embedder.EclipseLogger - skip non existing resourceDirectory C:\Users\srinivas1\Desktop\Jan 1030 Batch\MyMavenProject\src\main\resources
2019-02-26 11:33:40,441 [Worker-54] INFO  o.e.m.c.i.embedder.EclipseLogger - Using 'UTF-8' encoding to copy filtered resources.
2019-02-26 11:33:40,457 [Worker-54] INFO  o.e.m.c.i.embedder.EclipseLogger - skip non existing resourceDirectory C:\Users\srinivas1\Desktop\Jan 1030 Batch\MyMavenProject\src\test\resources
2019-02-26 11:33:50,332 [Worker-52] INFO  o.e.m.i.launch.MavenLaunchDelegate - C:\Users\srinivas1\Desktop\Jan 1030 Batch\MyMavenProject
2019-02-26 11:33:50,332 [Worker-52] INFO  o.e.m.i.launch.MavenLaunchDelegate -  mvn -B test
2019-02-26 11:33:54,798 [Worker-47] INFO  o.e.m.c.i.embedder.EclipseLogger - Using 'UTF-8' encoding to copy filtered resources.
2019-02-26 11:33:54,798 [Worker-47] INFO  o.e.m.c.i.embedder.EclipseLogger - skip non existing resourceDirectory C:\Users\srinivas1\Desktop\Jan 1030 Batch\MyMavenProject\src\main\resources
2019-02-26 11:33:54,813 [Worker-47] INFO  o.e.m.c.i.embedder.EclipseLogger - Using 'UTF-8' encoding to copy filtered resources.
2019-02-26 11:33:54,813 [Worker-47] INFO  o.e.m.c.i.embedder.EclipseLogger - skip non existing resourceDirectory C:\Users\srinivas1\Desktop\Jan 1030 Batch\MyMavenProject\src\test\resources
2019-02-26 11:34:03,612 [Worker-50] INFO  o.e.m.c.i.embedder.EclipseLogger - Using 'UTF-8' encoding to copy filtered resources.
2019-02-26 11:34:03,612 [Worker-50] INFO  o.e.m.c.i.embedder.EclipseLogger - skip non existing resourceDirectory C:\Users\srinivas1\Desktop\Jan 1030 Batch\MyMavenProject\src\main\resources
2019-02-26 11:34:03,612 [Worker-50] INFO  o.e.m.c.i.embedder.EclipseLogger - Using 'UTF-8' encoding to copy filtered resources.
2019-02-26 11:34:03,628 [Worker-50] INFO  o.e.m.c.i.embedder.EclipseLogger - skip non existing resourceDirectory C:\Users\srinivas1\Desktop\Jan 1030 Batch\MyMavenProject\src\test\resources
2019-02-26 11:34:16,171 [Worker-47] INFO  o.e.m.c.i.p.ProjectConfigurationManager - Update started
2019-02-26 11:34:16,804 [Worker-47] INFO  o.e.m.c.i.l.LifecycleMappingFactory - Using org.eclipse.m2e.jdt.JarLifecycleMapping lifecycle mapping for MavenProject: com.Orange:MyMavenProject:0.0.1-SNAPSHOT @ C:\Users\srinivas1\Desktop\Jan 1030 Batch\MyMavenProject\pom.xml.
2019-02-26 11:34:17,451 [Worker-47] INFO  o.e.m.j.i.AbstractJavaProjectConfigurator - Adding source folder /MyMavenProject/src/main/java
2019-02-26 11:34:17,461 [Worker-47] INFO  o.e.m.j.i.AbstractJavaProjectConfigurator - Adding source folder /MyMavenProject/src/test/java
2019-02-26 11:34:17,788 [Worker-47] INFO  o.e.m.c.i.p.ProjectConfigurationManager - Update completed: 1 sec
2019-02-26 11:34:18,766 [Worker-54] INFO  o.e.m.c.i.embedder.EclipseLogger - Using 'UTF-8' encoding to copy filtered resources.
2019-02-26 11:34:18,788 [Worker-54] INFO  o.e.m.c.i.embedder.EclipseLogger - skip non existing resourceDirectory C:\Users\srinivas1\Desktop\Jan 1030 Batch\MyMavenProject\src\main\resources
2019-02-26 11:34:18,808 [Worker-54] INFO  o.e.m.c.i.embedder.EclipseLogger - Using 'UTF-8' encoding to copy filtered resources.
2019-02-26 11:34:18,818 [Worker-54] INFO  o.e.m.c.i.embedder.EclipseLogger - skip non existing resourceDirectory C:\Users\srinivas1\Desktop\Jan 1030 Batch\MyMavenProject\src\test\resources
2019-02-26 11:34:26,003 [Worker-50] INFO  o.e.m.i.launch.MavenLaunchDelegate - C:\Users\srinivas1\Desktop\Jan 1030 Batch\MyMavenProject
2019-02-26 11:34:26,003 [Worker-50] INFO  o.e.m.i.launch.MavenLaunchDelegate -  mvn -B install
2019-02-26 11:34:32,691 [Worker-51] INFO  o.e.m.c.i.embedder.EclipseLogger - Using 'UTF-8' encoding to copy filtered resources.
2019-02-26 11:34:32,706 [Worker-51] INFO  o.e.m.c.i.embedder.EclipseLogger - skip non existing resourceDirectory C:\Users\srinivas1\Desktop\Jan 1030 Batch\MyMavenProject\src\main\resources
2019-02-26 11:34:32,722 [Worker-51] INFO  o.e.m.c.i.embedder.EclipseLogger - Using 'UTF-8' encoding to copy filtered resources.
2019-02-26 11:34:32,722 [Worker-51] INFO  o.e.m.c.i.embedder.EclipseLogger - skip non existing resourceDirectory C:\Users\srinivas1\Desktop\Jan 1030 Batch\MyMavenProject\src\test\resources
2019-02-26 11:34:39,211 [Worker-52] INFO  o.e.m.i.launch.MavenLaunchDelegate - C:\Users\srinivas1\Desktop\Jan 1030 Batch\MyMavenProject
2019-02-26 11:34:39,242 [Worker-52] INFO  o.e.m.i.launch.MavenLaunchDelegate -  mvn -B test
2019-02-26 11:34:43,885 [Worker-46] INFO  o.e.m.c.i.embedder.EclipseLogger - Using 'UTF-8' encoding to copy filtered resources.
2019-02-26 11:34:43,901 [Worker-46] INFO  o.e.m.c.i.embedder.EclipseLogger - skip non existing resourceDirectory C:\Users\srinivas1\Desktop\Jan 1030 Batch\MyMavenProject\src\main\resources
2019-02-26 11:34:43,916 [Worker-46] INFO  o.e.m.c.i.embedder.EclipseLogger - Using 'UTF-8' encoding to copy filtered resources.
2019-02-26 11:34:43,916 [Worker-46] INFO  o.e.m.c.i.embedder.EclipseLogger - skip non existing resourceDirectory C:\Users\srinivas1\Desktop\Jan 1030 Batch\MyMavenProject\src\test\resources
2019-02-26 11:35:18,402 [Worker-55] INFO  o.e.m.c.i.p.ProjectConfigurationManager - Update started
2019-02-26 11:35:18,950 [Worker-55] INFO  o.e.m.c.i.l.LifecycleMappingFactory - Using org.eclipse.m2e.jdt.JarLifecycleMapping lifecycle mapping for MavenProject: com.Orange:MyMavenProject:0.0.1-SNAPSHOT @ C:\Users\srinivas1\Desktop\Jan 1030 Batch\MyMavenProject\pom.xml.
2019-02-26 11:35:19,640 [Worker-55] INFO  o.e.m.j.i.AbstractJavaProjectConfigurator - Adding source folder /MyMavenProject/src/main/java
2019-02-26 11:35:19,658 [Worker-55] INFO  o.e.m.j.i.AbstractJavaProjectConfigurator - Adding source folder /MyMavenProject/src/test/java
2019-02-26 11:35:19,973 [Worker-55] INFO  o.e.m.c.i.p.ProjectConfigurationManager - Update completed: 1 sec
2019-02-26 11:35:20,962 [Worker-53] INFO  o.e.m.c.i.embedder.EclipseLogger - Using 'UTF-8' encoding to copy filtered resources.
2019-02-26 11:35:20,962 [Worker-53] INFO  o.e.m.c.i.embedder.EclipseLogger - skip non existing resourceDirectory C:\Users\srinivas1\Desktop\Jan 1030 Batch\MyMavenProject\src\main\resources
2019-02-26 11:35:20,972 [Worker-53] INFO  o.e.m.c.i.embedder.EclipseLogger - Using 'UTF-8' encoding to copy filtered resources.
2019-02-26 11:35:20,990 [Worker-53] INFO  o.e.m.c.i.embedder.EclipseLogger - skip non existing resourceDirectory C:\Users\srinivas1\Desktop\Jan 1030 Batch\MyMavenProject\src\test\resources
2019-02-26 11:36:46,413 [Worker-44] INFO  o.e.m.i.launch.MavenLaunchDelegate - C:\Users\srinivas1\Desktop\Jan 1030 Batch\MyMavenProject
2019-02-26 11:36:46,413 [Worker-44] INFO  o.e.m.i.launch.MavenLaunchDelegate -  mvn -B test
2019-02-26 11:36:50,867 [Worker-57] INFO  o.e.m.c.i.embedder.EclipseLogger - Using 'UTF-8' encoding to copy filtered resources.
2019-02-26 11:36:50,867 [Worker-57] INFO  o.e.m.c.i.embedder.EclipseLogger - skip non existing resourceDirectory C:\Users\srinivas1\Desktop\Jan 1030 Batch\MyMavenProject\src\main\resources
2019-02-26 11:36:50,914 [Worker-57] INFO  o.e.m.c.i.embedder.EclipseLogger - Using 'UTF-8' encoding to copy filtered resources.
2019-02-26 11:36:50,914 [Worker-57] INFO  o.e.m.c.i.embedder.EclipseLogger - skip non existing resourceDirectory C:\Users\srinivas1\Desktop\Jan 1030 Batch\MyMavenProject\src\test\resources
2019-02-26 11:37:29,916 [Worker-44] INFO  o.e.m.c.i.p.ProjectConfigurationManager - Update started
2019-02-26 11:37:30,433 [Worker-44] INFO  o.e.m.c.i.l.LifecycleMappingFactory - Using org.eclipse.m2e.jdt.JarLifecycleMapping lifecycle mapping for MavenProject: com.Orange:MyMavenProject:0.0.1-SNAPSHOT @ C:\Users\srinivas1\Desktop\Jan 1030 Batch\MyMavenProject\pom.xml.
2019-02-26 11:37:30,947 [Worker-44] INFO  o.e.m.j.i.AbstractJavaProjectConfigurator - Adding source folder /MyMavenProject/src/main/java
2019-02-26 11:37:30,947 [Worker-44] INFO  o.e.m.j.i.AbstractJavaProjectConfigurator - Adding source folder /MyMavenProject/src/test/java
2019-02-26 11:37:31,158 [Worker-44] INFO  o.e.m.c.i.p.ProjectConfigurationManager - Update completed: 1 sec
2019-02-26 11:37:32,007 [Worker-44] INFO  o.e.m.c.i.embedder.EclipseLogger - Using 'UTF-8' encoding to copy filtered resources.
2019-02-26 11:37:32,023 [Worker-44] INFO  o.e.m.c.i.embedder.EclipseLogger - skip non existing resourceDirectory C:\Users\srinivas1\Desktop\Jan 1030 Batch\MyMavenProject\src\main\resources
2019-02-26 11:37:32,038 [Worker-44] INFO  o.e.m.c.i.embedder.EclipseLogger - Using 'UTF-8' encoding to copy filtered resources.
2019-02-26 11:37:32,060 [Worker-44] INFO  o.e.m.c.i.embedder.EclipseLogger - skip non existing resourceDirectory C:\Users\srinivas1\Desktop\Jan 1030 Batch\MyMavenProject\src\test\resources
2019-02-26 11:37:49,483 [Worker-58] INFO  o.e.m.i.launch.MavenLaunchDelegate - C:\Users\srinivas1\Desktop\Jan 1030 Batch\MyMavenProject
2019-02-26 11:37:49,483 [Worker-58] INFO  o.e.m.i.launch.MavenLaunchDelegate -  mvn -B test
2019-02-26 11:37:54,124 [Worker-44] INFO  o.e.m.c.i.embedder.EclipseLogger - Using 'UTF-8' encoding to copy filtered resources.
2019-02-26 11:37:54,139 [Worker-44] INFO  o.e.m.c.i.embedder.EclipseLogger - skip non existing resourceDirectory C:\Users\srinivas1\Desktop\Jan 1030 Batch\MyMavenProject\src\main\resources
2019-02-26 11:37:54,139 [Worker-44] INFO  o.e.m.c.i.embedder.EclipseLogger - Using 'UTF-8' encoding to copy filtered resources.
2019-02-26 11:37:54,139 [Worker-44] INFO  o.e.m.c.i.embedder.EclipseLogger - skip non existing resourceDirectory C:\Users\srinivas1\Desktop\Jan 1030 Batch\MyMavenProject\src\test\resources
2019-02-26 11:42:32,228 [Worker-1] INFO  o.e.m.c.i.embedder.EclipseLogger - Using 'UTF-8' encoding to copy filtered resources.
2019-02-26 11:42:32,235 [Worker-1] INFO  o.e.m.c.i.embedder.EclipseLogger - skip non existing resourceDirectory C:\Users\srinivas1\Desktop\Jan 1030 Batch\MyMavenProject\src\main\resources
2019-02-26 11:42:32,238 [Worker-1] INFO  o.e.m.c.i.embedder.EclipseLogger - Using 'UTF-8' encoding to copy filtered resources.
2019-02-26 11:42:32,238 [Worker-1] INFO  o.e.m.c.i.embedder.EclipseLogger - skip non existing resourceDirectory C:\Users\srinivas1\Desktop\Jan 1030 Batch\MyMavenProject\src\test\resources
2019-02-26 11:42:56,370 [Worker-13] INFO  o.e.m.c.i.embedder.EclipseLogger - Using 'UTF-8' encoding to copy filtered resources.
2019-02-26 11:42:56,371 [Worker-13] INFO  o.e.m.c.i.embedder.EclipseLogger - skip non existing resourceDirectory C:\Users\srinivas1\Desktop\Jan 1030 Batch\MyMavenProject\src\main\resources
2019-02-26 11:42:56,374 [Worker-13] INFO  o.e.m.c.i.embedder.EclipseLogger - Using 'UTF-8' encoding to copy filtered resources.
2019-02-26 11:42:56,374 [Worker-13] INFO  o.e.m.c.i.embedder.EclipseLogger - skip non existing resourceDirectory C:\Users\srinivas1\Desktop\Jan 1030 Batch\MyMavenProject\src\test\resources
2019-02-26 11:44:50,694 [Worker-2] INFO  o.e.m.c.i.embedder.EclipseLogger - Using 'UTF-8' encoding to copy filtered resources.
2019-02-26 11:44:50,694 [Worker-2] INFO  o.e.m.c.i.embedder.EclipseLogger - skip non existing resourceDirectory C:\Users\srinivas1\Desktop\Jan 1030 Batch\MyMavenProject\src\main\resources
2019-02-26 11:44:50,696 [Worker-2] INFO  o.e.m.c.i.embedder.EclipseLogger - Using 'UTF-8' encoding to copy filtered resources.
2019-02-26 11:44:50,697 [Worker-2] INFO  o.e.m.c.i.embedder.EclipseLogger - skip non existing resourceDirectory C:\Users\srinivas1\Desktop\Jan 1030 Batch\MyMavenProject\src\test\resources
2019-02-26 11:48:20,508 [Worker-11] INFO  o.e.m.c.i.embedder.EclipseLogger - Using 'UTF-8' encoding to copy filtered resources.
2019-02-26 11:48:20,508 [Worker-11] INFO  o.e.m.c.i.embedder.EclipseLogger - skip non existing resourceDirectory C:\Users\srinivas1\Desktop\Jan 1030 Batch\MyMavenProject\src\main\resources
2019-02-26 11:48:20,510 [Worker-11] INFO  o.e.m.c.i.embedder.EclipseLogger - Using 'UTF-8' encoding to copy filtered resources.
2019-02-26 11:48:20,510 [Worker-11] INFO  o.e.m.c.i.embedder.EclipseLogger - skip non existing resourceDirectory C:\Users\srinivas1\Desktop\Jan 1030 Batch\MyMavenProject\src\test\resources
2019-02-26 11:48:42,872 [Worker-13] INFO  o.e.m.c.i.embedder.EclipseLogger - Using 'UTF-8' encoding to copy filtered resources.
2019-02-26 11:48:42,873 [Worker-13] INFO  o.e.m.c.i.embedder.EclipseLogger - skip non existing resourceDirectory C:\Users\srinivas1\Desktop\Jan 1030 Batch\MyMavenProject\src\main\resources
2019-02-26 11:48:42,875 [Worker-13] INFO  o.e.m.c.i.embedder.EclipseLogger - Using 'UTF-8' encoding to copy filtered resources.
2019-02-26 11:48:42,875 [Worker-13] INFO  o.e.m.c.i.embedder.EclipseLogger - skip non existing resourceDirectory C:\Users\srinivas1\Desktop\Jan 1030 Batch\MyMavenProject\src\test\resources
2019-02-27 10:53:02,892 [Worker-18] INFO  o.e.m.c.i.l.LifecycleMappingFactory - Using org.eclipse.m2e.jdt.JarLifecycleMapping lifecycle mapping for MavenProject: com.Orange:MyMavenProject:0.0.1-SNAPSHOT @ C:\Users\srinivas1\Desktop\Jan 1030 Batch\MyMavenProject\pom.xml.
2019-02-27 10:53:06,310 [Worker-18] INFO  o.e.m.c.i.embedder.EclipseLogger - Using 'UTF-8' encoding to copy filtered resources.
2019-02-27 10:53:06,310 [Worker-18] INFO  o.e.m.c.i.embedder.EclipseLogger - skip non existing resourceDirectory C:\Users\srinivas1\Desktop\Jan 1030 Batch\MyMavenProject\src\main\resources
2019-02-27 10:53:06,314 [Worker-18] INFO  o.e.m.c.i.embedder.EclipseLogger - Using 'UTF-8' encoding to copy filtered resources.
2019-02-27 10:53:06,315 [Worker-18] INFO  o.e.m.c.i.embedder.EclipseLogger - skip non existing resourceDirectory C:\Users\srinivas1\Desktop\Jan 1030 Batch\MyMavenProject\src\test\resources
2019-02-27 10:53:10,694 [Worker-19] INFO  o.e.m.c.i.embedder.EclipseLogger - Using 'UTF-8' encoding to copy filtered resources.
2019-02-27 10:53:10,697 [Worker-19] INFO  o.e.m.c.i.embedder.EclipseLogger - skip non existing resourceDirectory C:\Users\srinivas1\Desktop\Jan 1030 Batch\MyMavenProject\src\main\resources
2019-02-27 10:53:10,700 [Worker-19] INFO  o.e.m.c.i.embedder.EclipseLogger - Using 'UTF-8' encoding to copy filtered resources.
2019-02-27 10:53:10,700 [Worker-19] INFO  o.e.m.c.i.embedder.EclipseLogger - skip non existing resourceDirectory C:\Users\srinivas1\Desktop\Jan 1030 Batch\MyMavenProject\src\test\resources
2019-02-27 10:53:12,673 [Worker-18] INFO  o.e.m.c.i.p.ProjectConfigurationManager - Update started
2019-02-27 10:53:13,662 [Worker-18] INFO  o.e.m.c.i.l.LifecycleMappingFactory - Using org.eclipse.m2e.jdt.JarLifecycleMapping lifecycle mapping for MavenProject: com.Orange:MyMavenProject:0.0.1-SNAPSHOT @ C:\Users\srinivas1\Desktop\Jan 1030 Batch\MyMavenProject\pom.xml.
2019-02-27 10:53:14,746 [Worker-18] INFO  o.e.m.j.i.AbstractJavaProjectConfigurator - Adding source folder /MyMavenProject/src/main/java
2019-02-27 10:53:14,747 [Worker-18] INFO  o.e.m.j.i.AbstractJavaProjectConfigurator - Adding source folder /MyMavenProject/src/test/java
2019-02-27 10:53:15,243 [Worker-18] INFO  o.e.m.c.i.p.ProjectConfigurationManager - Update completed: 2 sec
2019-02-27 10:53:16,497 [Worker-19] INFO  o.e.m.c.i.embedder.EclipseLogger - Using 'UTF-8' encoding to copy filtered resources.
2019-02-27 10:53:16,497 [Worker-19] INFO  o.e.m.c.i.embedder.EclipseLogger - skip non existing resourceDirectory C:\Users\srinivas1\Desktop\Jan 1030 Batch\MyMavenProject\src\main\resources
2019-02-27 10:53:16,596 [Worker-19] INFO  o.e.m.c.i.embedder.EclipseLogger - Using 'UTF-8' encoding to copy filtered resources.
2019-02-27 10:53:16,596 [Worker-19] INFO  o.e.m.c.i.embedder.EclipseLogger - skip non existing resourceDirectory C:\Users\srinivas1\Desktop\Jan 1030 Batch\MyMavenProject\src\test\resources
2019-02-27 10:54:25,095 [Worker-2] INFO  o.e.m.c.i.embedder.EclipseLogger - Using 'UTF-8' encoding to copy filtered resources.
2019-02-27 10:54:25,095 [Worker-2] INFO  o.e.m.c.i.embedder.EclipseLogger - skip non existing resourceDirectory C:\Users\srinivas1\Desktop\Jan 1030 Batch\MyMavenProject\src\main\resources
2019-02-27 10:54:25,113 [Worker-2] INFO  o.e.m.c.i.embedder.EclipseLogger - Using 'UTF-8' encoding to copy filtered resources.
2019-02-27 10:54:25,124 [Worker-2] INFO  o.e.m.c.i.embedder.EclipseLogger - skip non existing resourceDirectory C:\Users\srinivas1\Desktop\Jan 1030 Batch\MyMavenProject\src\test\resources
2019-02-27 10:56:09,278 [Worker-2] INFO  o.e.m.c.i.embedder.EclipseLogger - Using 'UTF-8' encoding to copy filtered resources.
2019-02-27 10:56:09,278 [Worker-2] INFO  o.e.m.c.i.embedder.EclipseLogger - skip non existing resourceDirectory C:\Users\srinivas1\Desktop\Jan 1030 Batch\MyMavenProject\src\main\resources
2019-02-27 10:56:09,306 [Worker-2] INFO  o.e.m.c.i.embedder.EclipseLogger - Using 'UTF-8' encoding to copy filtered resources.
2019-02-27 10:56:09,333 [Worker-2] INFO  o.e.m.c.i.embedder.EclipseLogger - skip non existing resourceDirectory C:\Users\srinivas1\Desktop\Jan 1030 Batch\MyMavenProject\src\test\resources
2019-02-27 11:01:31,075 [Worker-20] INFO  o.e.m.c.i.embedder.EclipseLogger - Using 'UTF-8' encoding to copy filtered resources.
2019-02-27 11:01:31,076 [Worker-20] INFO  o.e.m.c.i.embedder.EclipseLogger - skip non existing resourceDirectory C:\Users\srinivas1\Desktop\Jan 1030 Batch\MyMavenProject\src\main\resources
2019-02-27 11:01:31,091 [Worker-20] INFO  o.e.m.c.i.embedder.EclipseLogger - Using 'UTF-8' encoding to copy filtered resources.
2019-02-27 11:01:31,102 [Worker-20] INFO  o.e.m.c.i.embedder.EclipseLogger - skip non existing resourceDirectory C:\Users\srinivas1\Desktop\Jan 1030 Batch\MyMavenProject\src\test\resources
2019-02-27 11:02:42,500 [Worker-25] INFO  o.e.m.c.i.embedder.EclipseLogger - Using 'UTF-8' encoding to copy filtered resources.
2019-02-27 11:02:42,501 [Worker-25] INFO  o.e.m.c.i.embedder.EclipseLogger - skip non existing resourceDirectory C:\Users\srinivas1\Desktop\Jan 1030 Batch\MyMavenProject\src\main\resources
2019-02-27 11:02:42,517 [Worker-25] INFO  o.e.m.c.i.embedder.EclipseLogger - Using 'UTF-8' encoding to copy filtered resources.
2019-02-27 11:02:42,526 [Worker-25] INFO  o.e.m.c.i.embedder.EclipseLogger - skip non existing resourceDirectory C:\Users\srinivas1\Desktop\Jan 1030 Batch\MyMavenProject\src\test\resources
2019-02-27 11:02:55,964 [Worker-30] INFO  o.e.m.c.i.embedder.EclipseLogger - Using 'UTF-8' encoding to copy filtered resources.
2019-02-27 11:02:55,965 [Worker-30] INFO  o.e.m.c.i.embedder.EclipseLogger - skip non existing resourceDirectory C:\Users\srinivas1\Desktop\Jan 1030 Batch\MyMavenProject\src\main\resources
2019-02-27 11:02:56,002 [Worker-30] INFO  o.e.m.c.i.embedder.EclipseLogger - Using 'UTF-8' encoding to copy filtered resources.
2019-02-27 11:02:56,009 [Worker-30] INFO  o.e.m.c.i.embedder.EclipseLogger - skip non existing resourceDirectory C:\Users\srinivas1\Desktop\Jan 1030 Batch\MyMavenProject\src\test\resources
2019-02-27 11:03:45,411 [Worker-26] INFO  o.e.m.c.i.embedder.EclipseLogger - Using 'UTF-8' encoding to copy filtered resources.
2019-02-27 11:03:45,412 [Worker-26] INFO  o.e.m.c.i.embedder.EclipseLogger - skip non existing resourceDirectory C:\Users\srinivas1\Desktop\Jan 1030 Batch\MyMavenProject\src\main\resources
2019-02-27 11:03:45,422 [Worker-26] INFO  o.e.m.c.i.embedder.EclipseLogger - Using 'UTF-8' encoding to copy filtered resources.
2019-02-27 11:03:45,428 [Worker-26] INFO  o.e.m.c.i.embedder.EclipseLogger - skip non existing resourceDirectory C:\Users\srinivas1\Desktop\Jan 1030 Batch\MyMavenProject\src\test\resources
2019-02-27 11:05:47,538 [Worker-27] INFO  o.e.m.c.i.embedder.EclipseLogger - Using 'UTF-8' encoding to copy filtered resources.
2019-02-27 11:05:47,539 [Worker-27] INFO  o.e.m.c.i.embedder.EclipseLogger - skip non existing resourceDirectory C:\Users\srinivas1\Desktop\Jan 1030 Batch\MyMavenProject\src\main\resources
2019-02-27 11:05:47,550 [Worker-27] INFO  o.e.m.c.i.embedder.EclipseLogger - Using 'UTF-8' encoding to copy filtered resources.
2019-02-27 11:05:47,557 [Worker-27] INFO  o.e.m.c.i.embedder.EclipseLogger - skip non existing resourceDirectory C:\Users\srinivas1\Desktop\Jan 1030 Batch\MyMavenProject\src\test\resources
2019-02-27 11:06:56,287 [Worker-28] INFO  o.e.m.c.i.embedder.EclipseLogger - Using 'UTF-8' encoding to copy filtered resources.
2019-02-27 11:06:56,288 [Worker-28] INFO  o.e.m.c.i.embedder.EclipseLogger - skip non existing resourceDirectory C:\Users\srinivas1\Desktop\Jan 1030 Batch\MyMavenProject\src\main\resources
2019-02-27 11:06:56,306 [Worker-28] INFO  o.e.m.c.i.embedder.EclipseLogger - Using 'UTF-8' encoding to copy filtered resources.
2019-02-27 11:06:56,318 [Worker-28] INFO  o.e.m.c.i.embedder.EclipseLogger - skip non existing resourceDirectory C:\Users\srinivas1\Desktop\Jan 1030 Batch\MyMavenProject\src\test\resources
2019-02-27 11:09:00,787 [Worker-23] INFO  o.e.m.c.i.embedder.EclipseLogger - Using 'UTF-8' encoding to copy filtered resources.
2019-02-27 11:09:00,787 [Worker-23] INFO  o.e.m.c.i.embedder.EclipseLogger - skip non existing resourceDirectory C:\Users\srinivas1\Desktop\Jan 1030 Batch\MyMavenProject\src\main\resources
2019-02-27 11:09:00,847 [Worker-23] INFO  o.e.m.c.i.embedder.EclipseLogger - Using 'UTF-8' encoding to copy filtered resources.
2019-02-27 11:09:00,859 [Worker-23] INFO  o.e.m.c.i.embedder.EclipseLogger - skip non existing resourceDirectory C:\Users\srinivas1\Desktop\Jan 1030 Batch\MyMavenProject\src\test\resources
2019-02-27 11:16:10,316 [Worker-33] INFO  o.e.m.c.i.embedder.EclipseLogger - Using 'UTF-8' encoding to copy filtered resources.
2019-02-27 11:16:10,316 [Worker-33] INFO  o.e.m.c.i.embedder.EclipseLogger - skip non existing resourceDirectory C:\Users\srinivas1\Desktop\Jan 1030 Batch\MyMavenProject\src\main\resources
2019-02-27 11:16:10,374 [Worker-33] INFO  o.e.m.c.i.embedder.EclipseLogger - Using 'UTF-8' encoding to copy filtered resources.
2019-02-27 11:16:10,392 [Worker-33] INFO  o.e.m.c.i.embedder.EclipseLogger - skip non existing resourceDirectory C:\Users\srinivas1\Desktop\Jan 1030 Batch\MyMavenProject\src\test\resources
2019-02-27 12:29:59,577 [Worker-62] INFO  o.e.m.c.i.embedder.EclipseLogger - Using 'UTF-8' encoding to copy filtered resources.
2019-02-27 12:29:59,577 [Worker-62] INFO  o.e.m.c.i.embedder.EclipseLogger - skip non existing resourceDirectory C:\Users\srinivas1\Desktop\Jan 1030 Batch\MyMavenProject\src\main\resources
2019-02-27 12:29:59,608 [Worker-62] INFO  o.e.m.c.i.embedder.EclipseLogger - Using 'UTF-8' encoding to copy filtered resources.
2019-02-27 12:29:59,608 [Worker-62] INFO  o.e.m.c.i.embedder.EclipseLogger - skip non existing resourceDirectory C:\Users\srinivas1\Desktop\Jan 1030 Batch\MyMavenProject\src\test\resources
2019-03-01 10:45:01,153 [Worker-8] INFO  o.e.m.c.i.embedder.EclipseLogger - Using 'UTF-8' encoding to copy filtered resources.
2019-03-01 10:45:01,173 [Worker-8] INFO  o.e.m.c.i.embedder.EclipseLogger - skip non existing resourceDirectory C:\Users\srinivas1\Desktop\Jan 1030 Batch\MyMavenProject\src\main\resources
2019-03-01 10:45:01,176 [Worker-8] INFO  o.e.m.c.i.embedder.EclipseLogger - Using 'UTF-8' encoding to copy filtered resources.
2019-03-01 10:45:01,176 [Worker-8] INFO  o.e.m.c.i.embedder.EclipseLogger - skip non existing resourceDirectory C:\Users\srinivas1\Desktop\Jan 1030 Batch\MyMavenProject\src\test\resources
2019-03-01 10:45:14,135 [Worker-13] INFO  o.e.m.c.i.embedder.EclipseLogger - Using 'UTF-8' encoding to copy filtered resources.
2019-03-01 10:45:14,137 [Worker-13] INFO  o.e.m.c.i.embedder.EclipseLogger - skip non existing resourceDirectory C:\Users\srinivas1\Desktop\Jan 1030 Batch\MyMavenProject\src\main\resources
2019-03-01 10:45:14,140 [Worker-13] INFO  o.e.m.c.i.embedder.EclipseLogger - Using 'UTF-8' encoding to copy filtered resources.
2019-03-01 10:45:14,141 [Worker-13] INFO  o.e.m.c.i.embedder.EclipseLogger - skip non existing resourceDirectory C:\Users\srinivas1\Desktop\Jan 1030 Batch\MyMavenProject\src\test\resources
2019-03-01 10:45:38,068 [Worker-4] INFO  o.e.m.c.i.embedder.EclipseLogger - Using 'UTF-8' encoding to copy filtered resources.
2019-03-01 10:45:38,068 [Worker-4] INFO  o.e.m.c.i.embedder.EclipseLogger - skip non existing resourceDirectory C:\Users\srinivas1\Desktop\Jan 1030 Batch\MyMavenProject\src\main\resources
2019-03-01 10:45:38,070 [Worker-4] INFO  o.e.m.c.i.embedder.EclipseLogger - Using 'UTF-8' encoding to copy filtered resources.
2019-03-01 10:45:38,070 [Worker-4] INFO  o.e.m.c.i.embedder.EclipseLogger - skip non existing resourceDirectory C:\Users\srinivas1\Desktop\Jan 1030 Batch\MyMavenProject\src\test\resources
2019-03-01 10:45:52,060 [Worker-9] INFO  o.e.m.c.i.embedder.EclipseLogger - Using 'UTF-8' encoding to copy filtered resources.
2019-03-01 10:45:52,061 [Worker-9] INFO  o.e.m.c.i.embedder.EclipseLogger - skip non existing resourceDirectory C:\Users\srinivas1\Desktop\Jan 1030 Batch\MyMavenProject\src\main\resources
2019-03-01 10:45:52,063 [Worker-9] INFO  o.e.m.c.i.embedder.EclipseLogger - Using 'UTF-8' encoding to copy filtered resources.
2019-03-01 10:45:52,063 [Worker-9] INFO  o.e.m.c.i.embedder.EclipseLogger - skip non existing resourceDirectory C:\Users\srinivas1\Desktop\Jan 1030 Batch\MyMavenProject\src\test\resources
2019-03-02 22:05:11,084 [Worker-8] INFO  o.e.m.c.i.embedder.EclipseLogger - Using 'UTF-8' encoding to copy filtered resources.
2019-03-02 22:05:11,095 [Worker-8] INFO  o.e.m.c.i.embedder.EclipseLogger - skip non existing resourceDirectory C:\Users\srinivas1\Desktop\Jan 1030 Batch\MyMavenProject\src\main\resources
2019-03-02 22:05:11,098 [Worker-8] INFO  o.e.m.c.i.embedder.EclipseLogger - Using 'UTF-8' encoding to copy filtered resources.
2019-03-02 22:05:11,098 [Worker-8] INFO  o.e.m.c.i.embedder.EclipseLogger - skip non existing resourceDirectory C:\Users\srinivas1\Desktop\Jan 1030 Batch\MyMavenProject\src\test\resources
